<?xml version="1.0" encoding="UTF-8"?>
<!-- Generated by org.testng.reporters.JUnitXMLReporter -->
<testsuite ignored="0" hostname="Ayush" failures="0" tests="4" name="Create new account" time="13.48" errors="0" timestamp="2024-06-18T16:05:11 GST">
  <testcase classname="simranphul.spotifyapp.BaseClass" name="@BeforeClass ConfigureAppium" time="13.277">
    <failure type="org.openqa.selenium.SessionNotCreatedException" message="Could not start a new session. Response code 500. Message: An unknown server-side error occurred while processing the command. Original error: Neither ANDROID_HOME nor ANDROID_SDK_ROOT environment variable was exported. Read https://developer.android.com/studio/command-line/variables for more details 
Host info: host: &amp;apos;Ayush&amp;apos;, ip: &amp;apos;2001:8f8:1a61:3ec6:751e:6506:9b03:7b69%en0&amp;apos;
Build info: version: &amp;apos;4.21.0&amp;apos;, revision: &amp;apos;79ed462ef4&amp;apos;
System info: os.name: &amp;apos;Mac OS X&amp;apos;, os.arch: &amp;apos;x86_64&amp;apos;, os.version: &amp;apos;12.6.6&amp;apos;, java.version: &amp;apos;17.0.10&amp;apos;
Driver info: io.appium.java_client.android.AndroidDriver
Command: [null, newSession {capabilities=[Capabilities {appium:app: //Users//sar//eclipse-works..., appium:automationName: UIAutomator2, appium:deviceName: Simranemulator, platformName: ANDROID}]}]
Capabilities {appium:app: //Users//sar//eclipse-works..., appium:automationName: UIAutomator2, appium:deviceName: Simranemulator, platformName: ANDROID}">
      <![CDATA[org.openqa.selenium.SessionNotCreatedException: Could not start a new session. Response code 500. Message: An unknown server-side error occurred while processing the command. Original error: Neither ANDROID_HOME nor ANDROID_SDK_ROOT environment variable was exported. Read https://developer.android.com/studio/command-line/variables for more details 
Host info: host: 'Ayush', ip: '2001:8f8:1a61:3ec6:751e:6506:9b03:7b69%en0'
Build info: version: '4.21.0', revision: '79ed462ef4'
System info: os.name: 'Mac OS X', os.arch: 'x86_64', os.version: '12.6.6', java.version: '17.0.10'
Driver info: io.appium.java_client.android.AndroidDriver
Command: [null, newSession {capabilities=[Capabilities {appium:app: //Users//sar//eclipse-works..., appium:automationName: UIAutomator2, appium:deviceName: Simranemulator, platformName: ANDROID}]}]
Capabilities {appium:app: //Users//sar//eclipse-works..., appium:automationName: UIAutomator2, appium:deviceName: Simranemulator, platformName: ANDROID}
at org.openqa.selenium.remote.ProtocolHandshake.createSession(ProtocolHandshake.java:114)
at org.openqa.selenium.remote.ProtocolHandshake.createSession(ProtocolHandshake.java:75)
at org.openqa.selenium.remote.ProtocolHandshake.createSession(ProtocolHandshake.java:61)
at io.appium.java_client.remote.AppiumCommandExecutor.createSession(AppiumCommandExecutor.java:176)
at io.appium.java_client.remote.AppiumCommandExecutor.execute(AppiumCommandExecutor.java:237)
at org.openqa.selenium.remote.RemoteWebDriver.execute(RemoteWebDriver.java:518)
at io.appium.java_client.AppiumDriver.startSession(AppiumDriver.java:270)
at org.openqa.selenium.remote.RemoteWebDriver.<init>(RemoteWebDriver.java:161)
at io.appium.java_client.AppiumDriver.<init>(AppiumDriver.java:91)
at io.appium.java_client.AppiumDriver.<init>(AppiumDriver.java:103)
at io.appium.java_client.android.AndroidDriver.<init>(AndroidDriver.java:109)
at simranphul.spotifyapp.BaseClass.ConfigureAppium(BaseClass.java:39)
at java.base/java.util.ArrayList.forEach(ArrayList.java:1511)
... Removed 25 stack frames]]>
    </failure>
  </testcase> <!-- @BeforeClass ConfigureAppium -->
  <testcase classname="simranphul.spotifyapp.BaseClass" name="@AfterMethod tearDown" time="0.0">
    <skipped/>
  </testcase> <!-- @AfterMethod tearDown -->
  <testcase classname="simranphul.spotifyapp.BaseClass" name="@AfterMethod tearDown" time="0.0">
    <skipped/>
  </testcase> <!-- @AfterMethod tearDown -->
  <testcase classname="simranphul.spotifyapp.BaseClass" name="@AfterMethod tearDown" time="0.0">
    <skipped/>
  </testcase> <!-- @AfterMethod tearDown -->
  <testcase classname="simranphul.spotifyapp.BaseClass" name="@AfterMethod tearDown" time="0.0">
    <skipped/>
  </testcase> <!-- @AfterMethod tearDown -->
  <testcase classname="simranphul.spotifyapp.BaseClass" name="@AfterClass tearDown" time="0.0">
    <skipped/>
  </testcase> <!-- @AfterClass tearDown -->
  <testcase classname="simranphul.spotifyapp.CreateNewAccount" name="createAccountSuccess" time="0.001">
    <skipped/>
  </testcase> <!-- createAccountSuccess -->
  <testcase classname="simranphul.spotifyapp.CreateNewAccount" name="existingAccountCloseClick" time="0.001">
    <skipped/>
  </testcase> <!-- existingAccountCloseClick -->
  <testcase classname="simranphul.spotifyapp.CreateNewAccount" name="existingAccountGoToLoginClick" time="0.0">
    <skipped/>
  </testcase> <!-- existingAccountGoToLoginClick -->
  <testcase classname="simranphul.spotifyapp.CreateNewAccount" name="invalidPassword" time="0.0">
    <skipped/>
  </testcase> <!-- invalidPassword -->
</testsuite> <!-- Create new account -->
